
   INFO  Server running on [http://127.0.0.1:1111].  

  Press Ctrl+C to stop the server

  2026-04-10 22:42:40 /api/v1/simulations .............................. ~ 1s
  2026-04-10 22:42:48 /api/v1/simulations ........................ ~ 501.67ms
  2026-04-10 22:43:20 /dashboard ................................. ~ 524.85ms
  2026-04-10 22:43:48 /dashboard ................................... ~ 0.57ms
  2026-04-10 22:43:55 /api/v1/simulations .......................... ~ 0.18ms
  2026-04-10 22:44:00 /api/v1/simulations .......................... ~ 0.13ms
  2026-04-10 22:43:48 /dashboard ...................................... ~ 35s
  2026-04-10 22:44:31 /api/v1/simulations .......................... ~ 0.51ms
  2026-04-10 22:44:35 /api/v1/simulations .......................... ~ 0.21ms
  2026-04-10 22:44:39 /api/v1/portfolios ......................... ~ 505.42ms
  2026-04-10 22:44:44 /api/v1/portfolios ......................... ~ 505.01ms
  2026-04-10 22:44:24 /dashboard ...................................... ~ 46s
  2026-04-10 22:45:27 /api/v1/portfolios ........................... ~ 0.39ms
  2026-04-10 22:46:04 /api/v1/payments ............................. ~ 1.86ms
  2026-04-10 22:45:10 /dashboard ...................................... ~ 58s
  2026-04-10 22:43:20 .............................................. ~ 2m 58s
  2026-04-10 22:46:08 /dashboard ...................................... ~ 11s
  2026-04-10 22:46:20 / ................................................ ~ 3s

   INFO  Environment modified. Restarting server...  

   INFO  Server running on [http://127.0.0.1:1111].  

  Press Ctrl+C to stop the server


   INFO  Environment modified. Restarting server...  

   INFO  Server running on [http://127.0.0.1:1111].  

  Press Ctrl+C to stop the server

  2026-04-10 22:47:16 / .......................................... ~ 504.10ms
  2026-04-10 22:47:17 /assets/index-BQZK5jQP.js .................... ~ 0.20ms
  2026-04-10 22:47:17 /assets/index-C3PCybft.css ................... ~ 0.69ms
  2026-04-10 22:47:17 /api/v1/captcha .............................. ~ 0.17ms
  2026-04-10 22:47:30 /api/v1/login .............................. ~ 503.57ms
  2026-04-10 22:47:47 /dashboard ................................... ~ 0.81ms
  2026-04-10 22:47:47 /login ....................................... ~ 0.17ms
  2026-04-10 22:47:49 /favicon.ico ................................. ~ 0.21ms
  2026-04-10 22:48:00 /login ....................................... ~ 0.59ms
  2026-04-10 22:48:00 /dashboard ................................... ~ 4.81ms
  2026-04-10 22:48:01 /favicon.ico ................................. ~ 0.28ms
  2026-04-10 22:48:04 /favicon.ico ................................. ~ 0.20ms
  2026-04-10 22:47:38 ............................................... ~ 2m 8s
  2026-04-10 22:49:55 /dashboard ................................. ~ 504.36ms
  2026-04-10 22:49:55 /favicon.ico ............................... ~ 504.14ms
  2026-04-10 22:50:02 /payment ..................................... ~ 0.73ms
  2026-04-10 22:50:03 /assets/index-C3PCybft.css ................... ~ 0.13ms
  2026-04-10 22:50:02 /assets/index-BQZK5jQP.js .................... ~ 0.96ms
  2026-04-10 22:50:03 /api/v1/me ................................... ~ 0.17ms
  2026-04-10 22:50:04 .............................................. ~ 1m 45s
  2026-04-10 23:01:20 /dashboard ................................. ~ 523.44ms
  2026-04-10 23:01:20 /favicon.ico ..................................... ~ 2s
  2026-04-10 23:04:21 /dashboard ................................... ~ 4.15ms
  2026-04-10 23:04:21 /login ....................................... ~ 0.06ms
  2026-04-10 23:04:35 /dashboard ................................... ~ 0.21ms
  2026-04-10 23:04:35 /favicon.ico ............................... ~ 556.55ms
  2026-04-10 23:04:50 /login ..................................... ~ 500.62ms
  2026-04-10 23:04:50 /dashboard ................................... ~ 0.10ms
  2026-04-10 23:08:53 /dashboard .................................. ~ 57.49ms
  2026-04-10 23:08:53 /favicon.ico ..................................... ~ 1s
  2026-04-10 23:25:33 /dashboard ................................. ~ 508.85ms
  2026-04-10 23:25:33 .............................................. ~ 2m 26s
  2026-04-10 23:28:00 /dashboard ................................... ~ 0.21ms
  2026-04-10 23:28:00 .............................................. ~ 2m 43s
  2026-04-10 23:30:43 /dashboard ................................... ~ 0.08ms
  2026-04-10 23:30:43 ............................................... ~ 3m 4s
  2026-04-10 23:35:05 /dashboard ................................... ~ 2.31ms
  2026-04-10 23:35:06 /favicon.ico ..................................... ~ 2s
  2026-04-10 23:35:21 /dashboard ................................... ~ 0.25ms
  2026-04-10 23:35:21 /favicon.ico ..................................... ~ 1s
  2026-04-10 23:35:25 /logout ...................................... ~ 0.19ms
  2026-04-10 23:35:25 /login ....................................... ~ 0.16ms
  2026-04-10 23:35:25 /favicon.ico ................................. ~ 0.13ms
  2026-04-10 23:35:40 /login ..................................... ~ 502.63ms
  2026-04-10 23:35:41 /dashboard ................................... ~ 0.07ms
  2026-04-10 23:35:41 /favicon.ico ................................. ~ 0.15ms
  2026-04-10 23:35:55 /dashboard ................................... ~ 3.62ms
  2026-04-10 23:35:55 /favicon.ico ............................... ~ 500.66ms
  2026-04-10 23:35:57 /favicon.ico ................................. ~ 0.25ms
  2026-04-10 23:36:47 /dashboard ................................... ~ 1.88ms
  2026-04-10 23:36:47 /favicon.ico ..................................... ~ 1s
  2026-04-10 23:38:36 /dashboard ................................... ~ 0.87ms
  2026-04-10 23:38:36 /favicon.ico ..................................... ~ 1s
  2026-04-10 23:38:47 /dashboard ................................... ~ 0.40ms
  2026-04-10 23:38:47 /favicon.ico ............................... ~ 502.22ms
  2026-04-10 23:39:13 /dashboard ................................... ~ 1.14ms
  2026-04-10 23:39:13 /favicon.ico ............................... ~ 502.20ms
  2026-04-10 23:39:43 /dashboard ................................. ~ 502.01ms
  2026-04-10 23:39:43 /dashboard ...................................... ~ 38s
  2026-04-10 23:40:21 /favicon.ico ............................... ~ 504.22ms
  2026-04-10 23:44:47 /dashboard ................................... ~ 2.02ms
  2026-04-10 23:44:47 /favicon.ico ............................... ~ 505.51ms
  2026-04-10 23:44:57 /api/v1/captcha ............................ ~ 500.86ms
  2026-04-10 23:44:58 /api/v1/captcha .............................. ~ 0.09ms
  2026-04-10 23:45:10 /api/v1/login ................................ ~ 0.18ms
  2026-04-10 23:45:10 /api/v1/captcha .............................. ~ 0.15ms
  2026-04-10 23:44:56 .............................................. ~ 1m 52s
  2026-04-10 23:50:24 / .......................................... ~ 607.55ms
  2026-04-10 23:50:24 /assets/index-DR89kFEU.css ................... ~ 0.17ms
  2026-04-10 23:50:24 /assets/index-BE2xzawI.js .................. ~ 619.21ms
  2026-04-10 23:50:24 /api/v1/me ................................... ~ 0.08ms
  2026-04-10 23:50:24 /favicon.ico ................................. ~ 0.20ms
  2026-04-10 23:50:24 /api/v1/captcha .............................. ~ 0.18ms
  2026-04-10 23:50:24 /favicon.ico ............................... ~ 502.48ms
  2026-04-10 23:50:31 /api/v1/login ................................ ~ 0.31ms
  2026-04-10 23:50:31 /api/v1/captcha .............................. ~ 0.12ms
  2026-04-10 23:50:47 /api/v1/login ................................ ~ 0.53ms
  2026-04-10 23:50:47 /api/v1/captcha ............................ ~ 504.37ms
  2026-04-10 23:53:06 /api/v1/login ................................ ~ 2.80ms
  2026-04-10 23:53:06 /api/v1/captcha .............................. ~ 0.06ms
  2026-04-10 23:53:11 /api/v1/login ................................ ~ 0.22ms
  2026-04-10 23:53:12 /api/v1/captcha .............................. ~ 0.06ms
  2026-04-10 23:54:52 /api/v1/login .............................. ~ 503.00ms
  2026-04-10 23:54:52 /api/v1/captcha .............................. ~ 0.05ms
  2026-04-10 23:55:09 /api/v1/login ................................ ~ 0.14ms
  2026-04-10 23:55:09 /api/v1/captcha .............................. ~ 0.07ms
  2026-04-10 23:55:29 /dashboard ................................. ~ 504.55ms
  2026-04-10 23:55:29 /favicon.ico ..................................... ~ 1s
  2026-04-10 23:55:38 /logout ...................................... ~ 6.92ms
  2026-04-10 23:55:38 /login ....................................... ~ 0.36ms
  2026-04-10 23:55:38 /favicon.ico ................................. ~ 0.13ms
  2026-04-10 23:55:52 /login ....................................... ~ 0.73ms
  2026-04-10 23:55:52 /login ....................................... ~ 0.07ms
  2026-04-10 23:55:53 /favicon.ico ................................. ~ 0.53ms
  2026-04-10 23:56:34 /login ....................................... ~ 0.48ms
  2026-04-10 23:56:34 /login ....................................... ~ 0.12ms
  2026-04-10 23:56:35 /favicon.ico ................................. ~ 0.30ms
  2026-04-10 23:57:55 /login ....................................... ~ 2.24ms
  2026-04-10 23:57:55 /favicon.ico ................................. ~ 0.06ms
  2026-04-10 23:58:04 /login ....................................... ~ 0.22ms
  2026-04-10 23:58:05 /dashboard ................................... ~ 0.08ms
  2026-04-10 23:58:05 /favicon.ico ................................. ~ 0.18ms
  2026-04-10 23:58:08 /favicon.ico ................................. ~ 1.21ms
  2026-04-10 23:58:20 /login ..................................... ~ 502.31ms
  2026-04-10 23:58:21 /dashboard ................................... ~ 0.29ms
  2026-04-10 23:58:21 /favicon.ico ................................. ~ 0.33ms
  2026-04-10 23:59:31 /dashboard ................................. ~ 512.69ms
  2026-04-10 23:59:31 /favicon.ico ............................... ~ 504.18ms
  2026-04-10 23:59:34 /dashboard ................................... ~ 0.26ms
  2026-04-10 23:59:34 /favicon.ico ............................... ~ 502.46ms
  2026-04-10 23:59:36 /favicon.ico ................................. ~ 0.25ms
  2026-04-10 23:59:41 /dashboard ................................... ~ 1.49ms
  2026-04-10 23:59:41 /favicon.ico ............................... ~ 505.66ms
  2026-04-11 00:00:45 /dashboard ................................... ~ 7.64ms
  2026-04-11 00:00:45 /assets/index-DR89kFEU.css ................... ~ 0.42ms
  2026-04-11 00:00:45 /assets/index-BE2xzawI.js ................... ~ 10.62ms
  2026-04-11 00:00:45 /api/v1/captcha ............................ ~ 510.79ms
  2026-04-11 00:00:45 /favicon.ico ................................. ~ 0.23ms
  2026-04-11 00:00:59 /api/v1/login .............................. ~ 516.78ms
  2026-04-11 00:01:00 /api/v1/dashboard/dosen ...................... ~ 0.09ms
  2026-04-11 00:01:00 /favicon.ico ................................. ~ 0.12ms
  2026-04-11 00:01:07 /favicon.ico ................................. ~ 0.16ms
  2026-04-11 00:01:13 /api/v1/portfolios ........................... ~ 0.48ms
  2026-04-11 00:01:13 /favicon.ico ................................. ~ 0.06ms
  2026-04-11 00:01:15 /api/v1/payments ............................. ~ 0.14ms
  2026-04-11 00:01:15 /favicon.ico ................................. ~ 0.06ms
  2026-04-11 00:01:23 /api/v1/dashboard/dosen ...................... ~ 0.85ms
  2026-04-11 00:01:23 /favicon.ico ............................... ~ 503.58ms
  2026-04-11 00:01:30 /favicon.ico ................................. ~ 0.97ms
  2026-04-11 00:01:40 /api/v1/dashboard/dosen ...................... ~ 0.16ms
  2026-04-11 00:01:40 /favicon.ico ................................. ~ 0.06ms
  2026-04-11 00:01:50 /dashboard ................................... ~ 3.09ms
  2026-04-11 00:01:50 /favicon.ico ................................. ~ 0.08ms
  2026-04-11 00:01:52 /dashboard ................................... ~ 0.12ms
  2026-04-11 00:01:52 /favicon.ico ................................. ~ 0.05ms
  2026-04-11 00:01:55 /dashboard ................................... ~ 0.16ms
  2026-04-11 00:01:55 /favicon.ico ................................. ~ 0.10ms
  2026-04-11 00:02:03 /dashboard ................................... ~ 0.34ms
  2026-04-11 00:02:03 /assets/index-DR89kFEU.css ................... ~ 0.18ms
  2026-04-11 00:02:03 /assets/index-BE2xzawI.js .................... ~ 2.30ms
  2026-04-11 00:02:03 /api/v1/me ................................... ~ 0.55ms
  2026-04-11 00:02:03 /api/v1/dashboard/dosen ...................... ~ 0.11ms
  2026-04-11 00:02:04 /favicon.ico ................................. ~ 0.25ms
  2026-04-11 00:02:08 /favicon.ico ............................... ~ 500.31ms
  2026-04-11 00:02:17 /api/v1/portfolios ........................... ~ 0.46ms
  2026-04-11 00:02:18 /favicon.ico ................................. ~ 0.06ms
  2026-04-11 00:02:19 /api/v1/payments ............................. ~ 0.29ms
  2026-04-11 00:02:19 /favicon.ico ................................. ~ 0.07ms
  2026-04-11 00:02:20 /api/v1/dashboard/dosen ...................... ~ 0.12ms
  2026-04-11 00:02:20 /favicon.ico ................................. ~ 0.07ms
  2026-04-11 00:02:33 /dashboard ................................... ~ 0.39ms
  2026-04-11 00:02:33 /assets/index-DR89kFEU.css ................... ~ 0.13ms
  2026-04-11 00:02:33 /assets/index-BE2xzawI.js .................... ~ 0.77ms
  2026-04-11 00:02:34 /favicon.ico ................................. ~ 0.14ms
  2026-04-11 00:02:34 /api/v1/captcha .............................. ~ 1.12ms
  2026-04-11 00:02:34 /favicon.ico ................................. ~ 1.52ms
  2026-04-11 00:02:41 /api/v1/login .............................. ~ 501.46ms
  2026-04-11 00:02:42 /api/v1/dashboard/admin ...................... ~ 0.09ms
  2026-04-11 00:02:42 /favicon.ico ................................. ~ 0.68ms
  2026-04-11 00:02:52 /api/v1/payments ........................... ~ 505.24ms
  2026-04-11 00:02:52 /favicon.ico ................................. ~ 0.14ms
  2026-04-11 00:02:54 /api/v1/dashboard/admin ...................... ~ 0.29ms
  2026-04-11 00:02:54 /favicon.ico ............................... ~ 505.18ms
  2026-04-11 00:04:51 /dashboard ................................. ~ 505.60ms
  2026-04-11 00:04:51 /assets/index-DR89kFEU.css ................... ~ 0.07ms
  2026-04-11 00:04:51 /assets/index-BE2xzawI.js .................... ~ 0.40ms
  2026-04-11 00:04:51 /api/v1/me ................................... ~ 0.05ms
  2026-04-11 00:04:51 /favicon.ico ................................. ~ 0.05ms
  2026-04-11 00:04:51 /api/v1/dashboard/admin ...................... ~ 0.05ms
  2026-04-11 00:05:09 /api/v1/payments ............................. ~ 0.33ms
  2026-04-11 00:05:09 /favicon.ico ................................. ~ 0.16ms
  2026-04-11 00:05:10 /api/v1/dashboard/admin ...................... ~ 0.15ms
  2026-04-11 00:05:10 /favicon.ico ................................. ~ 0.05ms
  2026-04-11 00:05:11 /api/v1/payments ............................. ~ 0.28ms
  2026-04-11 00:05:11 /favicon.ico ................................. ~ 0.13ms
  2026-04-11 00:05:13 /api/v1/payments ............................. ~ 0.16ms
  2026-04-11 00:14:26 /favicon.ico ............................... ~ 506.55ms
  2026-04-11 00:14:45 /api/v1/dashboard/dosen ...................... ~ 2.27ms
  2026-04-11 00:14:45 /favicon.ico ............................... ~ 501.59ms
  2026-04-11 00:14:46 /favicon.ico ................................. ~ 0.13ms
  2026-04-11 00:14:47 /api/v1/portfolios ......................... ~ 502.72ms
  2026-04-11 00:14:47 /favicon.ico ............................... ~ 503.95ms
  2026-04-11 00:14:48 /api/v1/payments ............................. ~ 0.12ms
  2026-04-11 00:14:48 /favicon.ico ................................. ~ 0.05ms
  2026-04-11 00:14:50 /api/v1/dashboard/dosen ...................... ~ 0.12ms
  2026-04-11 00:14:50 /favicon.ico ................................. ~ 0.05ms
  2026-04-11 00:14:50 /favicon.ico ................................. ~ 0.12ms
  2026-04-11 00:14:51 /api/v1/portfolios ......................... ~ 502.52ms
  2026-04-11 00:14:51 /favicon.ico ................................. ~ 0.05ms
  2026-04-11 00:14:58 /api/v1/payments ............................. ~ 0.17ms
  2026-04-11 00:14:58 /favicon.ico ................................. ~ 0.59ms
  2026-04-11 00:15:03 /api/v1/dashboard/dosen ...................... ~ 0.49ms
  2026-04-11 00:15:03 /favicon.ico ................................. ~ 0.15ms
  2026-04-11 00:27:08 /favicon.ico ............................... ~ 502.24ms
  2026-04-11 00:28:07 /dashboard .................................. ~ 19.06ms
  2026-04-11 00:28:07 /assets/index-jLg8BU3V.js .................... ~ 0.17ms
  2026-04-11 00:28:07 /assets/index-DGrjCIcw.css ................... ~ 1.73ms
  2026-04-11 00:28:07 /api/v1/me ................................. ~ 504.55ms
  2026-04-11 00:28:07 /favicon.ico ................................. ~ 0.08ms
  2026-04-11 00:28:07 /api/v1/captcha .............................. ~ 0.79ms
  2026-04-11 00:28:07 /favicon.ico ................................. ~ 2.91ms
  2026-04-11 00:28:14 /api/v1/login .............................. ~ 503.35ms
  2026-04-11 00:28:15 /favicon.ico ................................. ~ 0.06ms
  2026-04-11 00:28:15 /api/v1/dashboard/admin ...................... ~ 0.05ms
  2026-04-11 00:28:22 /simulation .................................. ~ 6.27ms
  2026-04-11 00:28:23 /assets/index-DGrjCIcw.css ................... ~ 0.18ms
  2026-04-11 00:28:23 /assets/index-jLg8BU3V.js .................. ~ 501.27ms
  2026-04-11 00:28:24 /api/v1/me ................................... ~ 0.18ms
  2026-04-11 00:28:24 /api/v1/captcha ............................ ~ 504.14ms
  2026-04-11 00:28:24 /favicon.ico ............................... ~ 505.16ms
  2026-04-11 00:28:33 /api/v1/login .............................. ~ 505.79ms
  2026-04-11 00:28:34 /api/v1/dashboard/dosen ...................... ~ 0.12ms
  2026-04-11 00:28:34 /favicon.ico ................................. ~ 0.51ms
  2026-04-11 00:28:39 /favicon.ico ................................. ~ 0.18ms
  2026-04-11 00:29:13 /api/v1/simulations .......................... ~ 0.67ms
  2026-04-11 00:29:20 /api/v1/portfolios ......................... ~ 506.62ms
  2026-04-11 00:29:21 /favicon.ico ................................. ~ 0.21ms
  2026-04-11 00:29:23 /favicon.ico ................................. ~ 0.13ms
  2026-04-11 00:33:15 /api/v1/dashboard/admin ...................... ~ 3.17ms
  2026-04-11 00:33:28 /simulation .................................. ~ 1.00ms
  2026-04-11 00:33:28 /assets/index-jLg8BU3V.js .................... ~ 0.09ms
  2026-04-11 00:33:28 /assets/index-DGrjCIcw.css ................... ~ 0.43ms
  2026-04-11 00:33:29 /api/v1/me ................................... ~ 0.19ms
  2026-04-11 00:33:29 /favicon.ico ................................. ~ 0.15ms
  2026-04-11 00:34:21 /simulation .................................. ~ 2.57ms
  2026-04-11 00:34:21 /assets/index-IzBzUg0O.js .................... ~ 0.09ms
  2026-04-11 00:34:21 /assets/index-VEH04um4.css ................... ~ 0.06ms
  2026-04-11 00:34:21 /api/v1/me ................................... ~ 0.17ms
  2026-04-11 00:34:22 /favicon.ico ................................. ~ 0.15ms
  2026-04-11 00:34:22 /favicon.ico ................................. ~ 0.13ms
  2026-04-11 00:34:22 /api/v1/captcha .............................. ~ 0.07ms
  2026-04-11 00:34:22 /favicon.ico ................................. ~ 0.65ms
  2026-04-11 00:34:28 /api/v1/login ................................ ~ 0.39ms
  2026-04-11 00:34:28 /api/v1/dashboard/dosen .................... ~ 503.69ms
  2026-04-11 00:34:29 /favicon.ico ................................. ~ 0.14ms
  2026-04-11 00:34:31 /favicon.ico ................................. ~ 0.12ms
  2026-04-11 00:38:16 /api/v1/dashboard/admin .................... ~ 506.29ms
  2026-04-11 00:38:18 /api/v1/payments ........................... ~ 504.34ms
  2026-04-11 00:38:18 /favicon.ico ................................. ~ 0.10ms
  2026-04-11 00:38:19 /api/v1/dashboard/admin ...................... ~ 0.30ms
  2026-04-11 00:38:19 /favicon.ico ................................. ~ 0.09ms
  2026-04-11 00:38:58 /simulation .................................. ~ 0.63ms
  2026-04-11 00:38:58 /assets/index-BEaApTrf.css ................... ~ 0.20ms
  2026-04-11 00:38:58 /assets/index-T45kcmxf.js .................. ~ 506.07ms
  2026-04-11 00:38:59 /api/v1/me ................................. ~ 504.82ms
  2026-04-11 00:39:00 /favicon.ico ................................. ~ 0.17ms
  2026-04-11 00:42:17 /api/v1/simulations .......................... ~ 2.89ms
  2026-04-11 00:42:31 /api/v1/simulations .......................... ~ 0.80ms
  2026-04-11 00:42:34 /api/v1/payments ........................... ~ 502.44ms
  2026-04-11 00:42:34 /favicon.ico ................................. ~ 0.06ms
  2026-04-11 00:42:40 /api/v1/dashboard/dosen ...................... ~ 0.15ms
  2026-04-11 00:42:40 /favicon.ico ................................. ~ 0.06ms
  2026-04-11 00:43:20 /api/v1/dashboard/admin ...................... ~ 1.88ms
  2026-04-11 00:46:07 /dashboard ................................... ~ 2.44ms
  2026-04-11 00:46:07 /assets/index--Pnac_ds.css ................... ~ 0.10ms
  2026-04-11 00:46:07 /assets/index-BJTVvOEN.js .................... ~ 0.49ms
  2026-04-11 00:46:08 /api/v1/me ................................... ~ 0.16ms
  2026-04-11 00:46:09 /api/v1/dashboard/dosen .................... ~ 505.41ms
  2026-04-11 00:46:09 /favicon.ico ............................... ~ 506.64ms
  2026-04-11 00:46:11 /favicon.ico ............................... ~ 504.21ms
  2026-04-11 00:48:20 /api/v1/dashboard/admin .................... ~ 503.42ms
  2026-04-11 00:53:20 /api/v1/dashboard/admin ...................... ~ 2.79ms
  2026-04-11 00:55:11 /simulation ................................ ~ 506.16ms
  2026-04-11 00:55:12 /assets/index-Dnz-g-sb.css ................... ~ 0.11ms
  2026-04-11 00:55:12 /assets/index-COs95i-r.js .................... ~ 0.80ms
  2026-04-11 00:55:13 /api/v1/me ................................... ~ 0.16ms
  2026-04-11 00:55:13 /favicon.ico ............................... ~ 505.06ms
  2026-04-11 00:58:20 /api/v1/dashboard/admin ...................... ~ 4.03ms
  2026-04-11 01:00:12 /simulation ................................ ~ 506.76ms
  2026-04-11 01:00:12 /assets/index-CmkCjN82.css ................... ~ 0.11ms
  2026-04-11 01:00:12 /assets/index-C4YJMTvA.js .................... ~ 0.80ms
  2026-04-11 01:00:13 /api/v1/me ................................... ~ 1.72ms
  2026-04-11 01:00:14 /favicon.ico ................................. ~ 0.11ms
  2026-04-11 01:00:39 /api/v1/simulations .......................... ~ 0.33ms
  2026-04-11 01:03:17 /simulation ................................ ~ 507.94ms
  2026-04-11 01:03:17 /assets/index-p8ZDSgZS.css ................... ~ 0.12ms
  2026-04-11 01:03:17 /assets/index-DRyKnKKH.js .................... ~ 1.31ms
  2026-04-11 01:03:18 /api/v1/me ................................... ~ 0.15ms
  2026-04-11 01:03:18 /favicon.ico ............................... ~ 504.71ms
  2026-04-11 01:03:20 /api/v1/dashboard/admin ...................... ~ 0.31ms
  2026-04-11 01:03:27 /api/v1/simulations .......................... ~ 0.38ms
  2026-04-11 01:08:20 /api/v1/dashboard/admin .................... ~ 508.06ms
  2026-04-11 01:07:26 .............................................. ~ 3m 14s
  2026-04-11 01:10:40 /simulation ................................ ~ 500.99ms
  2026-04-11 01:10:40 /assets/index-p8ZDSgZS.css ................... ~ 0.07ms
  2026-04-11 01:10:40 /assets/index-DRyKnKKH.js .................... ~ 0.39ms
  2026-04-11 01:10:42 /api/v1/me ................................... ~ 0.28ms
  2026-04-11 01:10:42 /favicon.ico ............................... ~ 503.13ms
  2026-04-11 01:11:01 /api/v1/simulations .......................... ~ 0.48ms
  2026-04-11 01:11:12 /api/v1/payments ............................. ~ 0.24ms
  2026-04-11 01:11:12 /favicon.ico ................................. ~ 1.08ms
  2026-04-11 01:11:17 /favicon.ico ................................. ~ 1.46ms
  2026-04-11 01:11:23 /api/v1/simulations .......................... ~ 1.32ms
  2026-04-11 01:11:31 /api/v1/payments ............................. ~ 1.26ms
  2026-04-11 01:11:31 /favicon.ico ................................. ~ 1.99ms
  2026-04-11 01:11:34 /api/v1/portfolios ......................... ~ 503.07ms
  2026-04-11 01:11:34 /favicon.ico ................................. ~ 0.12ms
  2026-04-11 01:11:36 /favicon.ico ................................. ~ 0.35ms
  2026-04-11 01:11:43 /api/v1/simulations ........................ ~ 505.07ms
  2026-04-11 01:12:35 /simulation .................................. ~ 2.95ms
  2026-04-11 01:12:35 /assets/index-CRqf09on.js .................... ~ 0.14ms
  2026-04-11 01:12:35 /assets/index-Cy2xAkcu.css ................... ~ 0.49ms
  2026-04-11 01:12:35 /api/v1/me ................................... ~ 0.17ms
  2026-04-11 01:12:36 /favicon.ico ................................. ~ 0.09ms
  2026-04-11 01:12:36 /api/v1/simulations/latest ................. ~ 505.29ms
  2026-04-11 01:12:48 /api/v1/simulations .......................... ~ 0.26ms
  2026-04-11 01:13:32 /api/v1/simulations .......................... ~ 1.00ms
  2026-04-11 01:13:52 /api/v1/dashboard/admin ...................... ~ 0.50ms
  2026-04-11 01:14:14 /api/v1/simulations .......................... ~ 1.03ms
  2026-04-11 01:16:26 /api/v1/simulations .......................... ~ 1.70ms
  2026-04-11 01:17:17 /api/v1/simulations .......................... ~ 0.18ms
  2026-04-11 01:18:29 /api/v1/simulations .......................... ~ 1.01ms
  2026-04-11 01:18:33 /simulation .................................. ~ 0.16ms
  2026-04-11 01:18:33 /assets/index-CVgrVRvi.css ................... ~ 0.11ms
  2026-04-11 01:18:33 /assets/index-DATd8jQF.js .................... ~ 0.72ms
  2026-04-11 01:18:34 /api/v1/me ................................... ~ 0.15ms
  2026-04-11 01:18:34 /api/v1/simulations/latest ....................... ~ 1s
  2026-04-11 01:18:34 /favicon.ico ..................................... ~ 1s
  2026-04-11 01:18:42 /api/v1/simulations .......................... ~ 0.20ms
  2026-04-11 01:18:52 /api/v1/simulations .......................... ~ 0.51ms
  2026-04-11 01:18:52 /api/v1/dashboard/admin ...................... ~ 0.16ms
  2026-04-11 01:18:56 /api/v1/simulations .......................... ~ 0.13ms
  2026-04-11 01:22:33 /simulation ................................ ~ 502.82ms
  2026-04-11 01:22:34 /assets/index-DDQQOBqy.css ................... ~ 0.15ms
  2026-04-11 01:22:34 /assets/index-spB6yGU_.js .................... ~ 1.44ms
  2026-04-11 01:22:34 /api/v1/me ................................. ~ 503.04ms
  2026-04-11 01:22:34 /favicon.ico ................................. ~ 0.06ms
  2026-04-11 01:22:35 /api/v1/simulations/latest ................. ~ 502.97ms
  2026-04-11 01:22:37 /api/v1/simulations .......................... ~ 0.19ms
  2026-04-11 01:22:40 /api/v1/payments ............................. ~ 0.37ms
  2026-04-11 01:22:40 /favicon.ico ................................. ~ 0.05ms
  2026-04-11 01:22:43 /api/v1/payments ........................... ~ 506.07ms
  2026-04-11 01:22:55 /api/v1/payments ............................. ~ 0.46ms
  2026-04-11 01:23:52 /api/v1/dashboard/admin ...................... ~ 0.50ms
  2026-04-11 01:26:27 /payments .................................... ~ 3.17ms
  2026-04-11 01:26:27 /assets/index-DDQQOBqy.css ................... ~ 0.23ms
  2026-04-11 01:26:27 /assets/index-spB6yGU_.js .................... ~ 0.65ms
  2026-04-11 01:26:27 /api/v1/me ................................... ~ 0.07ms
  2026-04-11 01:26:27 /api/v1/payments ............................. ~ 0.31ms
  2026-04-11 01:26:28 /favicon.ico ................................. ~ 0.23ms
  2026-04-11 01:26:30 /api/v1/dashboard/dosen ...................... ~ 0.14ms
  2026-04-11 01:26:30 /favicon.ico ................................. ~ 0.06ms
  2026-04-11 01:26:36 /api/v1/simulations/latest ................. ~ 502.37ms
  2026-04-11 01:26:36 /favicon.ico ................................. ~ 0.08ms
  2026-04-11 01:26:39 /api/v1/portfolios ......................... ~ 501.46ms
  2026-04-11 01:26:39 /favicon.ico ................................. ~ 0.07ms
  2026-04-11 01:26:39 /api/v1/payments ............................. ~ 0.12ms
  2026-04-11 01:26:39 /favicon.ico ................................. ~ 0.05ms
  2026-04-11 01:26:40 /api/v1/dashboard/dosen ...................... ~ 0.21ms
  2026-04-11 01:26:40 /favicon.ico ................................. ~ 0.12ms
  2026-04-11 01:26:52 /dashboard ................................... ~ 6.46ms
  2026-04-11 01:26:52 /assets/index-spB6yGU_.js .................. ~ 529.41ms
  2026-04-11 01:26:52 /assets/index-DDQQOBqy.css ................. ~ 531.79ms
  2026-04-11 01:26:52 /api/v1/me ................................... ~ 0.12ms
  2026-04-11 01:26:52 /favicon.ico ................................. ~ 1.38ms
  2026-04-11 01:26:52 /api/v1/captcha .............................. ~ 0.08ms
  2026-04-11 01:26:52 /favicon.ico ................................. ~ 0.47ms
  2026-04-11 01:28:41 /api/v1/login ................................ ~ 3.01ms
  2026-04-11 01:28:42 /api/v1/dashboard/admin ...................... ~ 0.14ms
  2026-04-11 01:28:42 /favicon.ico ................................. ~ 0.18ms
  2026-04-11 01:28:47 /api/v1/payments ........................... ~ 504.60ms
  2026-04-11 01:28:48 /favicon.ico ................................. ~ 0.09ms
  2026-04-11 01:28:50 /api/v1/dashboard/admin ...................... ~ 0.12ms
  2026-04-11 01:28:50 /favicon.ico ................................. ~ 0.12ms
  2026-04-11 01:29:37 /dashboard ................................. ~ 506.91ms
  2026-04-11 01:29:37 /assets/index-wwS51XjL.js .................... ~ 0.06ms
  2026-04-11 01:29:37 /assets/index-B_2Z9jxt.css ................... ~ 0.06ms
  2026-04-11 01:29:37 /api/v1/me ................................... ~ 0.06ms
  2026-04-11 01:29:37 /favicon.ico ................................. ~ 0.78ms
  2026-04-11 01:29:45 /api/v1/payments ........................... ~ 503.19ms
  2026-04-11 01:29:45 /favicon.ico ................................. ~ 0.05ms
  2026-04-11 01:29:46 /favicon.ico ................................. ~ 0.17ms
  2026-04-11 01:30:48 /dashboard ................................... ~ 0.84ms
  2026-04-11 01:30:48 /assets/index-B_2Z9jxt.css ................... ~ 0.07ms
  2026-04-11 01:30:48 /assets/index-wwS51XjL.js .................... ~ 0.42ms
  2026-04-11 01:30:48 /api/v1/me ................................... ~ 0.42ms
  2026-04-11 01:30:48 /favicon.ico ................................. ~ 0.07ms
  2026-04-11 01:30:51 /api/v1/payments ............................. ~ 0.18ms
  2026-04-11 01:30:51 /favicon.ico ............................... ~ 503.92ms
  2026-04-11 01:30:52 /favicon.ico ................................. ~ 0.27ms
  2026-04-11 01:31:37 /dashboard ................................... ~ 1.18ms
  2026-04-11 01:31:37 /assets/index-CZlfhbVH.js .................... ~ 0.10ms
  2026-04-11 01:31:37 /assets/index-LJ3d3OWW.css ................... ~ 1.25ms
  2026-04-11 01:31:37 /api/v1/me ................................... ~ 0.16ms
  2026-04-11 01:31:37 /favicon.ico ................................. ~ 0.12ms
  2026-04-11 01:31:37 /api/v1/admin/stats .......................... ~ 0.16ms
  2026-04-11 01:31:40 /api/v1/admin/settings ..................... ~ 501.69ms
  2026-04-11 01:31:40 /api/v1/admin/rubrics ........................ ~ 0.16ms
  2026-04-11 01:31:42 /api/v1/admin/payments/pending ............. ~ 504.49ms
  2026-04-11 01:31:44 /api/v1/admin/payments/2/approve ............. ~ 0.25ms
  2026-04-11 01:31:44 /api/v1/admin/payments/pending ............... ~ 0.11ms
  2026-04-11 01:31:46 /api/v1/admin/payments/1/approve ............. ~ 0.24ms
  2026-04-11 01:31:46 /api/v1/admin/payments/pending ............... ~ 0.13ms
  2026-04-11 01:31:47 /api/v1/admin/rubrics ........................ ~ 0.27ms
  2026-04-11 01:31:52 /api/v1/admin/settings ..................... ~ 501.22ms
  2026-04-11 01:32:01 /api/v1/admin/stats .......................... ~ 0.15ms
  2026-04-11 01:32:07 /api/v1/payments ............................. ~ 0.59ms
  2026-04-11 01:32:07 /favicon.ico ............................... ~ 500.77ms
  2026-04-11 01:32:08 /api/v1/admin/stats .......................... ~ 0.11ms
  2026-04-11 01:32:08 /favicon.ico ................................. ~ 0.21ms
  2026-04-11 01:33:45 /api/v1/payments ............................. ~ 2.88ms
  2026-04-11 01:33:45 /favicon.ico ................................. ~ 0.16ms
  2026-04-11 01:33:46 /api/v1/admin/stats .......................... ~ 0.13ms
  2026-04-11 01:33:46 /favicon.ico ................................. ~ 0.05ms
  2026-04-11 01:33:47 /api/v1/admin/settings ....................... ~ 0.24ms
  2026-04-11 01:33:54 /api/v1/admin/rubrics ...................... ~ 504.43ms
  2026-04-11 01:33:59 /api/v1/admin/payments/pending ............... ~ 0.26ms
  2026-04-11 01:34:01 /api/v1/admin/stats .......................... ~ 0.15ms
  2026-04-11 01:34:02 /api/v1/admin/settings ....................... ~ 0.27ms
  2026-04-11 01:34:07 /api/v1/admin/rubrics ........................ ~ 0.25ms
  2026-04-11 01:34:09 /api/v1/admin/stats ........................ ~ 503.21ms
  2026-04-11 01:34:11 /api/v1/payments ............................. ~ 0.15ms
  2026-04-11 01:34:11 /favicon.ico ................................. ~ 0.07ms
  2026-04-11 01:34:12 /api/v1/admin/stats .......................... ~ 0.17ms
  2026-04-11 01:34:12 /favicon.ico ................................. ~ 0.06ms
  2026-04-11 01:34:13 /api/v1/admin/rubrics ........................ ~ 0.43ms
  2026-04-11 01:34:14 /api/v1/admin/payments/pending ............... ~ 0.30ms
  2026-04-11 01:34:15 /api/v1/admin/stats .......................... ~ 0.25ms
  2026-04-11 01:34:24 /api/v1/admin/settings ....................... ~ 0.24ms
  2026-04-11 01:34:25 /api/v1/admin/rubrics ...................... ~ 501.51ms
  2026-04-11 01:34:26 /api/v1/admin/payments/pending ............... ~ 0.34ms
  2026-04-11 01:34:27 /api/v1/payments ............................. ~ 0.56ms
  2026-04-11 01:34:27 /favicon.ico ................................. ~ 0.23ms
  2026-04-11 01:34:28 /api/v1/admin/stats .......................... ~ 0.24ms
  2026-04-11 01:34:28 /favicon.ico ................................. ~ 0.11ms
  2026-04-11 01:34:29 /api/v1/admin/settings ....................... ~ 0.26ms
  2026-04-11 01:34:31 /api/v1/admin/rubrics ...................... ~ 501.17ms
  2026-04-11 01:34:32 /api/v1/admin/payments/pending ............... ~ 0.24ms
  2026-04-11 01:34:42 /api/v1/admin/stats .......................... ~ 0.36ms
  2026-04-11 01:34:44 /api/v1/admin/settings ....................... ~ 0.25ms
  2026-04-11 01:34:44 /api/v1/admin/rubrics ...................... ~ 502.52ms
  2026-04-11 01:34:45 /api/v1/admin/payments/pending ............... ~ 0.25ms
  2026-04-11 01:34:47 /api/v1/payments ............................. ~ 0.70ms
  2026-04-11 01:34:47 /favicon.ico ................................. ~ 0.06ms
  2026-04-11 01:34:48 /api/v1/admin/stats .......................... ~ 0.25ms
  2026-04-11 01:34:48 /favicon.ico ................................. ~ 0.11ms
  2026-04-11 01:35:24 /dashboard ................................... ~ 0.52ms
  2026-04-11 01:35:24 /assets/index-CPnd11dn.js .................... ~ 0.07ms
  2026-04-11 01:35:24 /assets/index-DLpw-3gz.css ................... ~ 0.06ms
  2026-04-11 01:35:24 /api/v1/me ................................... ~ 0.06ms
  2026-04-11 01:35:24 /favicon.ico ................................. ~ 0.49ms
  2026-04-11 01:35:24 /api/v1/admin/stats ........................ ~ 502.14ms
  2026-04-11 01:35:29 /api/v1/admin/settings ........................... ~ 1s
  2026-04-11 01:35:32 /api/v1/admin/rubrics ...................... ~ 504.93ms
  2026-04-11 01:35:36 /api/v1/admin/payments/pending ............... ~ 0.27ms
  2026-04-11 01:35:45 /api/v1/admin/stats .......................... ~ 0.25ms
  2026-04-11 01:36:31 /dashboard ................................... ~ 2.70ms
  2026-04-11 01:36:31 /assets/index-DLpw-3gz.css ................... ~ 0.12ms
  2026-04-11 01:36:31 /assets/index-CPnd11dn.js .................... ~ 0.91ms
  2026-04-11 01:36:33 /api/v1/me ................................... ~ 0.29ms
  2026-04-11 01:36:33 /api/v1/dashboard/dosen ...................... ~ 0.13ms
  2026-04-11 01:36:33 /favicon.ico ................................. ~ 2.82ms
  2026-04-11 01:36:35 /api/v1/simulations/latest ................. ~ 505.11ms
  2026-04-11 01:36:35 /favicon.ico ............................... ~ 505.44ms
  2026-04-11 01:36:36 /api/v1/dashboard/dosen ...................... ~ 0.16ms
  2026-04-11 01:36:36 /favicon.ico ................................. ~ 0.08ms
  2026-04-11 01:36:37 /api/v1/simulations/latest ................... ~ 0.16ms
  2026-04-11 01:36:37 /favicon.ico ................................. ~ 0.07ms
  2026-04-11 01:37:06 /dashboard ................................... ~ 0.71ms
  2026-04-11 01:37:06 /assets/index-B55SM_8h.js .................... ~ 0.12ms
  2026-04-11 01:37:06 /assets/index-BZoIMeVD.css ................... ~ 0.10ms
  2026-04-11 01:37:06 /api/v1/me ................................... ~ 0.15ms
  2026-04-11 01:37:07 /favicon.ico ............................... ~ 501.50ms
  2026-04-11 01:37:07 /api/v1/admin/stats .......................... ~ 0.19ms
  2026-04-11 01:37:13 /api/v1/admin/settings ....................... ~ 0.25ms
  2026-04-11 01:37:20 /api/v1/admin/rubrics ........................ ~ 0.20ms
  2026-04-11 01:37:23 /api/v1/admin/payments/pending ............... ~ 0.25ms
  2026-04-11 01:37:25 /api/v1/admin/stats .......................... ~ 0.32ms
  2026-04-11 01:44:23 /dashboard ................................. ~ 505.95ms
  2026-04-11 01:44:23 /assets/index-pz3fUoWC.css ................... ~ 0.08ms
  2026-04-11 01:44:23 /assets/index-CfX2oxeO.js .................... ~ 0.61ms
  2026-04-11 01:44:23 /api/v1/me ................................... ~ 0.06ms
  2026-04-11 01:44:23 /favicon.ico ................................. ~ 0.06ms
  2026-04-11 01:44:23 /api/v1/admin/stats .......................... ~ 0.06ms
  2026-04-11 01:44:25 /api/v1/admin/settings ..................... ~ 504.40ms
  2026-04-11 01:44:35 /api/v1/admin/settings ..................... ~ 501.47ms
  2026-04-11 01:44:40 /api/v1/admin/rubrics ........................ ~ 0.12ms
  2026-04-11 01:44:44 /api/v1/admin/payments/pending ............... ~ 0.19ms
  2026-04-11 01:44:57 /api/v1/admin/stats .......................... ~ 0.66ms
  2026-04-11 01:44:58 /api/v1/admin/settings ....................... ~ 0.13ms
  2026-04-11 01:45:02 /api/v1/admin/rubrics ........................ ~ 0.14ms
  2026-04-11 01:45:03 /api/v1/admin/payments/pending ............... ~ 0.17ms
  2026-04-11 01:45:49 /dashboard ................................... ~ 6.67ms
  2026-04-11 01:45:49 /assets/index-SqVu8V5Q.js .................... ~ 0.16ms
  2026-04-11 01:45:49 /assets/index-BSJNj5r9.css ................... ~ 1.41ms
  2026-04-11 01:45:49 /api/v1/me ................................... ~ 0.10ms
  2026-04-11 01:45:49 /favicon.ico ............................... ~ 504.44ms
  2026-04-11 01:45:49 /api/v1/admin/stats .......................... ~ 0.13ms
  2026-04-11 01:45:55 /api/v1/admin/settings ....................... ~ 0.26ms
  2026-04-11 01:45:57 /api/v1/admin/rubrics ........................ ~ 0.87ms
  2026-04-11 01:45:59 /api/v1/admin/payments/pending ............... ~ 0.25ms
  2026-04-11 01:46:00 /api/v1/admin/users .......................... ~ 0.25ms
  2026-04-11 01:52:42 /dashboard ................................. ~ 506.70ms
  2026-04-11 01:52:42 /assets/index-BSJNj5r9.css ................... ~ 0.19ms
  2026-04-11 01:52:42 /assets/index-SqVu8V5Q.js .................... ~ 0.64ms
  2026-04-11 01:52:42 /api/v1/me ................................... ~ 0.07ms
  2026-04-11 01:52:42 /favicon.ico ................................. ~ 0.06ms
  2026-04-11 01:52:42 /api/v1/admin/stats .......................... ~ 0.06ms
  2026-04-11 01:52:46 /api/v1/admin/settings ..................... ~ 504.05ms
  2026-04-11 01:52:47 /api/v1/admin/rubrics ........................ ~ 0.25ms
  2026-04-11 01:52:47 /api/v1/admin/payments/pending ............... ~ 0.38ms
  2026-04-11 01:52:48 /api/v1/admin/users .......................... ~ 0.21ms
  2026-04-11 01:52:49 /api/v1/payments ........................... ~ 502.07ms
  2026-04-11 01:52:49 /favicon.ico ................................. ~ 0.12ms
  2026-04-11 01:52:51 /payments .................................... ~ 0.12ms
  2026-04-11 01:52:51 /assets/index-SqVu8V5Q.js .................... ~ 0.06ms
  2026-04-11 01:52:51 /assets/index-BSJNj5r9.css ................... ~ 0.05ms
  2026-04-11 01:52:51 /api/v1/me ................................... ~ 0.04ms
  2026-04-11 01:52:51 /favicon.ico ................................. ~ 0.04ms
  2026-04-11 01:52:51 /api/v1/payments ............................. ~ 0.04ms
  2026-04-11 01:52:52 /api/v1/admin/stats .......................... ~ 0.23ms
  2026-04-11 01:52:52 /favicon.ico ................................. ~ 0.10ms
  2026-04-11 01:52:53 /dashboard ................................... ~ 0.38ms
  2026-04-11 01:52:53 /assets/index-SqVu8V5Q.js .................... ~ 0.07ms
  2026-04-11 01:52:53 /assets/index-BSJNj5r9.css ................... ~ 0.06ms
  2026-04-11 01:52:53 /api/v1/me ................................... ~ 0.05ms
  2026-04-11 01:52:54 /favicon.ico ................................. ~ 0.11ms
  2026-04-11 01:52:54 /api/v1/admin/stats .......................... ~ 0.07ms
  2026-04-11 01:52:55 /api/v1/admin/payments/pending ............... ~ 0.24ms
  2026-04-11 01:52:56 /api/v1/admin/users .......................... ~ 0.25ms
  2026-04-11 01:53:31 /dashboard ................................... ~ 1.55ms
  2026-04-11 01:53:31 /assets/index-KmBxd1Mf.js .................... ~ 0.13ms
  2026-04-11 01:53:31 /assets/index-BTguRHs6.css ................... ~ 0.09ms
  2026-04-11 01:53:31 /api/v1/me ................................... ~ 0.08ms
  2026-04-11 01:53:31 /favicon.ico ................................. ~ 0.17ms
  2026-04-11 01:53:31 /api/v1/admin/stats .......................... ~ 0.09ms
  2026-04-11 01:53:36 /api/v1/admin/settings ....................... ~ 0.20ms
  2026-04-11 01:53:46 /api/v1/admin/rubrics ........................ ~ 0.64ms
  2026-04-11 01:53:50 /api/v1/admin/payments/pending ............... ~ 0.29ms
  2026-04-11 01:53:51 /api/v1/admin/users .......................... ~ 0.55ms
  2026-04-11 01:53:59 /api/v1/admin/users/2/role ................... ~ 0.25ms
  2026-04-11 01:53:59 /api/v1/admin/users .......................... ~ 0.12ms
  2026-04-11 01:54:18 /api/v1/admin/payments/pending ............... ~ 1.29ms
  2026-04-11 01:54:19 /api/v1/admin/users .......................... ~ 0.28ms
  2026-04-11 01:54:20 /api/v1/admin/rubrics ........................ ~ 0.24ms
  2026-04-11 01:54:21 /api/v1/admin/stats .......................... ~ 0.33ms
  2026-04-11 01:54:22 /api/v1/admin/users .......................... ~ 0.26ms
  2026-04-11 01:54:30 /api/v1/admin/stats .......................... ~ 0.79ms
  2026-04-11 01:54:31 /api/v1/admin/settings ....................... ~ 0.22ms
  2026-04-11 01:54:33 /api/v1/admin/rubrics ...................... ~ 502.79ms
  2026-04-11 01:54:33 /api/v1/admin/payments/pending ............... ~ 0.25ms
  2026-04-11 01:54:34 /api/v1/admin/users .......................... ~ 0.26ms
  2026-04-11 01:56:55 /api/v1/admin/stats ........................ ~ 505.44ms
  2026-04-11 01:56:57 /dashboard ................................... ~ 1.22ms
  2026-04-11 01:56:57 /assets/index-KmBxd1Mf.js .................... ~ 0.12ms
  2026-04-11 01:56:57 /assets/index-BTguRHs6.css ................... ~ 0.06ms
  2026-04-11 01:56:57 /api/v1/me ................................... ~ 0.18ms
  2026-04-11 01:56:57 /favicon.ico ............................... ~ 504.23ms
  2026-04-11 01:56:57 /api/v1/admin/stats .......................... ~ 0.12ms
  2026-04-11 01:57:01 /api/v1/admin/settings ....................... ~ 0.24ms
  2026-04-11 01:57:02 /api/v1/admin/rubrics ........................ ~ 0.75ms
  2026-04-11 01:57:03 /api/v1/admin/payments/pending ............... ~ 0.25ms
  2026-04-11 01:57:04 /api/v1/admin/users .......................... ~ 0.12ms
  2026-04-11 01:57:05 /api/v1/admin/stats .......................... ~ 0.32ms
  2026-04-11 01:57:07 /api/v1/admin/settings ....................... ~ 0.31ms
  2026-04-11 01:57:09 /api/v1/admin/rubrics ........................ ~ 0.91ms
  2026-04-11 01:57:10 /api/v1/admin/payments/pending ............... ~ 0.26ms
  2026-04-11 01:57:11 /api/v1/admin/users .......................... ~ 0.19ms
  2026-04-11 01:57:12 /api/v1/admin/stats .......................... ~ 0.12ms
  2026-04-11 01:57:22 /dashboard ................................... ~ 0.12ms
  2026-04-11 01:57:22 /assets/index-KmBxd1Mf.js .................... ~ 0.08ms
  2026-04-11 01:57:22 /assets/index-BTguRHs6.css ................... ~ 0.37ms
  2026-04-11 01:57:22 /api/v1/me ................................... ~ 0.05ms
  2026-04-11 01:57:22 /favicon.ico ............................... ~ 504.64ms
  2026-04-11 01:57:22 /api/v1/admin/stats .......................... ~ 0.14ms
  2026-04-11 01:57:23 /api/v1/admin/settings ....................... ~ 0.59ms
  2026-04-11 01:57:25 /api/v1/admin/rubrics ........................ ~ 0.26ms
  2026-04-11 01:57:25 /api/v1/admin/payments/pending ............... ~ 0.24ms
  2026-04-11 01:57:26 /api/v1/admin/users .......................... ~ 0.14ms
  2026-04-11 01:57:40 /api/v1/portfolios ........................... ~ 0.53ms
  2026-04-11 01:57:40 /favicon.ico ................................. ~ 0.19ms
  2026-04-11 01:58:10 /api/v1/portfolios ......................... ~ 506.67ms
  2026-04-11 01:59:53 /dashboard ................................... ~ 2.47ms
  2026-04-11 01:59:53 /assets/index-BwL_MV_W.js .................... ~ 0.13ms
  2026-04-11 01:59:53 /assets/index-LaLrFLlG.css ................... ~ 0.44ms
  2026-04-11 01:59:53 /api/v1/me ................................... ~ 0.06ms
  2026-04-11 01:59:53 /favicon.ico ................................. ~ 0.05ms
  2026-04-11 01:59:53 /api/v1/admin/stats ........................ ~ 504.67ms
  2026-04-11 01:59:56 /api/v1/admin/stats .......................... ~ 0.22ms
  2026-04-11 01:59:57 /api/v1/admin/stats .......................... ~ 0.71ms
  2026-04-11 01:59:58 /api/v1/admin/stats .......................... ~ 0.26ms
  2026-04-11 02:00:01 /api/v1/admin/stats .......................... ~ 0.86ms
  2026-04-11 02:00:03 /api/v1/admin/stats .......................... ~ 0.24ms
  2026-04-11 02:00:06 /api/v1/admin/stats .......................... ~ 0.49ms
  2026-04-11 02:00:08 /api/v1/admin/stats .......................... ~ 0.58ms
  2026-04-11 02:00:10 /api/v1/admin/stats ........................ ~ 503.29ms
  2026-04-11 02:00:11 /api/v1/admin/stats .......................... ~ 0.28ms
  2026-04-11 02:00:13 /dashboard ................................... ~ 0.56ms
  2026-04-11 02:00:13 /assets/index-BwL_MV_W.js .................... ~ 0.15ms
  2026-04-11 02:00:13 /assets/index-LaLrFLlG.css ................... ~ 1.21ms
  2026-04-11 02:00:13 /api/v1/me ................................... ~ 0.08ms
  2026-04-11 02:00:13 /favicon.ico ................................. ~ 0.07ms
  2026-04-11 02:00:13 /api/v1/admin/stats .......................... ~ 0.08ms
  2026-04-11 02:05:24 /dashboard ................................. ~ 505.43ms
  2026-04-11 02:05:24 /assets/index-BwL_MV_W.js .................... ~ 0.12ms
  2026-04-11 02:05:24 /assets/index-LaLrFLlG.css ................... ~ 0.48ms
  2026-04-11 02:05:24 /api/v1/me ................................... ~ 0.10ms
  2026-04-11 02:05:24 /favicon.ico ................................. ~ 0.59ms
  2026-04-11 02:05:25 /api/v1/admin/stats .......................... ~ 0.06ms
  2026-04-11 02:05:26 /api/v1/admin/stats .......................... ~ 0.11ms
  2026-04-11 02:05:27 /api/v1/admin/stats .......................... ~ 0.46ms
  2026-04-11 02:05:28 /api/v1/admin/stats .......................... ~ 0.25ms
  2026-04-11 02:06:43 /dashboard ................................... ~ 3.94ms
  2026-04-11 02:06:43 /assets/index-DJlyLcOO.js .................... ~ 0.12ms
  2026-04-11 02:06:43 /assets/index-4Ogo9Puj.css ................... ~ 0.22ms
  2026-04-11 02:06:43 /api/v1/me ................................... ~ 0.10ms
  2026-04-11 02:06:43 /favicon.ico ............................... ~ 504.49ms
  2026-04-11 02:06:43 /api/v1/admin/stats .......................... ~ 0.25ms
  2026-04-11 02:06:46 /api/v1/admin/stats .......................... ~ 0.23ms
  2026-04-11 02:07:32 /api/v1/admin/settings ....................... ~ 1.14ms
  2026-04-11 02:07:47 /api/v1/admin/settings ....................... ~ 0.52ms
  2026-04-11 02:08:26 /dashboard ................................. ~ 504.71ms
  2026-04-11 02:08:26 /assets/index-DJlyLcOO.js .................... ~ 0.12ms
  2026-04-11 02:08:26 /assets/index-4Ogo9Puj.css ................... ~ 0.49ms
  2026-04-11 02:08:26 /api/v1/me ................................... ~ 0.07ms
  2026-04-11 02:08:26 /favicon.ico ................................. ~ 0.06ms
  2026-04-11 02:08:26 /api/v1/admin/stats .......................... ~ 0.07ms
  2026-04-11 02:08:27 /api/v1/admin/stats .......................... ~ 0.19ms
  2026-04-11 02:08:43 /api/v1/admin/settings ..................... ~ 503.56ms
  2026-04-11 02:08:48 /api/v1/admin/settings ..................... ~ 504.36ms
  2026-04-11 02:08:59 /portfolios .................................. ~ 1.72ms
  2026-04-11 02:09:00 /assets/index-4Ogo9Puj.css ................... ~ 0.07ms
  2026-04-11 02:09:00 /assets/index-DJlyLcOO.js .................... ~ 0.45ms
  2026-04-11 02:09:01 /api/v1/me ................................... ~ 0.15ms
  2026-04-11 02:09:01 /api/v1/admin/stats ........................ ~ 505.96ms
  2026-04-11 02:09:02 /favicon.ico ................................. ~ 0.10ms
  2026-04-11 02:09:02 /favicon.ico ................................. ~ 0.10ms
  2026-04-11 02:09:03 /api/v1/admin/stats ........................ ~ 504.13ms
  2026-04-11 02:09:08 /api/v1/admin/stats .......................... ~ 0.20ms
  2026-04-11 02:09:09 /api/v1/admin/stats ........................ ~ 504.14ms
  2026-04-11 02:09:10 /api/v1/admin/stats ........................ ~ 504.41ms
  2026-04-11 02:09:16 /dashboard ................................... ~ 0.78ms
  2026-04-11 02:09:16 /assets/index-DJlyLcOO.js .................... ~ 0.43ms
  2026-04-11 02:09:16 /assets/index-4Ogo9Puj.css ................... ~ 1.48ms
  2026-04-11 02:09:16 /api/v1/me ................................... ~ 0.10ms
  2026-04-11 02:09:16 /api/v1/admin/stats .......................... ~ 0.13ms
  2026-04-11 02:09:17 /favicon.ico ................................. ~ 0.11ms
  2026-04-11 02:10:55 /dashboard ................................... ~ 3.67ms
  2026-04-11 02:10:55 /assets/index-BhpuaiRY.js .................... ~ 0.18ms
  2026-04-11 02:10:55 /assets/index-D9e1xfy1.css ................... ~ 0.06ms
  2026-04-11 02:10:56 /api/v1/me ................................. ~ 501.82ms
  2026-04-11 02:10:56 /favicon.ico ................................. ~ 0.10ms
  2026-04-11 02:10:56 /api/v1/admin/stats ........................ ~ 504.93ms
  2026-04-11 02:10:57 /api/v1/admin/stats .......................... ~ 0.18ms
  2026-04-11 02:11:00 /api/v1/admin/stats .......................... ~ 0.27ms
  2026-04-11 02:11:01 /api/v1/admin/stats .......................... ~ 0.38ms
  2026-04-11 02:11:04 /api/v1/admin/stats .......................... ~ 0.69ms
  2026-04-11 02:11:05 /dashboard ................................... ~ 0.16ms
  2026-04-11 02:11:05 /assets/index-BhpuaiRY.js .................... ~ 0.08ms
  2026-04-11 02:11:05 /assets/index-D9e1xfy1.css ................... ~ 0.07ms
  2026-04-11 02:11:05 /api/v1/me ................................... ~ 0.06ms
  2026-04-11 02:11:05 /favicon.ico ................................. ~ 0.07ms
  2026-04-11 02:11:05 /api/v1/admin/stats .......................... ~ 0.05ms
  2026-04-11 02:11:07 /api/v1/admin/stats .......................... ~ 0.15ms
  2026-04-11 02:11:08 /api/v1/admin/stats .......................... ~ 0.23ms
  2026-04-11 02:11:09 /api/v1/admin/stats ........................ ~ 504.78ms
  2026-04-11 02:11:52 /dashboard ................................... ~ 3.12ms
  2026-04-11 02:11:52 /assets/index-D9e1xfy1.css ................... ~ 0.13ms
  2026-04-11 02:11:52 /assets/index-BhpuaiRY.js .................... ~ 0.88ms
  2026-04-11 02:11:52 /api/v1/me ................................. ~ 545.04ms
  2026-04-11 02:11:53 /api/v1/admin/stats ........................ ~ 504.89ms
  2026-04-11 02:11:53 /favicon.ico ................................. ~ 0.05ms
  2026-04-11 02:12:30 /dashboard ................................. ~ 505.29ms
  2026-04-11 02:12:30 /assets/index-BEgPY8zn.js .................... ~ 0.21ms
  2026-04-11 02:12:30 /assets/index-4eZUwWHl.css ................... ~ 1.44ms
  2026-04-11 02:12:30 /api/v1/me ................................... ~ 0.09ms
  2026-04-11 02:12:30 /favicon.ico ................................. ~ 0.14ms
  2026-04-11 02:12:30 /api/v1/admin/stats .......................... ~ 0.11ms
  2026-04-11 02:12:35 /api/v1/admin/stats .......................... ~ 0.12ms
  2026-04-11 02:12:36 /api/v1/admin/stats .......................... ~ 0.24ms
  2026-04-11 02:12:37 /api/v1/admin/stats .......................... ~ 0.15ms
  2026-04-11 02:12:38 /api/v1/admin/stats .......................... ~ 0.18ms
  2026-04-11 02:12:43 /api/v1/admin/stats ........................ ~ 503.30ms
  2026-04-11 02:12:45 /api/v1/admin/stats .......................... ~ 0.15ms
  2026-04-11 02:12:47 /api/v1/admin/stats .......................... ~ 0.18ms
  2026-04-11 02:12:47 /api/v1/admin/stats ........................ ~ 503.46ms
  2026-04-11 02:12:55 /dashboard .................................. ~ 23.48ms
  2026-04-11 02:12:55 /assets/index-BEgPY8zn.js .................... ~ 0.16ms
  2026-04-11 02:12:55 /assets/index-4eZUwWHl.css ................... ~ 0.72ms
  2026-04-11 02:12:56 /api/v1/me ................................... ~ 0.18ms
  2026-04-11 02:12:56 /favicon.ico ................................. ~ 0.17ms
  2026-04-11 02:12:56 /api/v1/admin/stats ........................ ~ 500.67ms
  2026-04-11 02:13:00 /api/v1/logout ............................... ~ 0.26ms
  2026-04-11 02:13:00 /api/v1/captcha .............................. ~ 0.15ms
  2026-04-11 02:13:00 /favicon.ico ................................ ~ 73.39ms
  2026-04-11 02:13:00 /api/v1/captcha .............................. ~ 0.23ms
  2026-04-11 02:15:01 /login ..................................... ~ 558.05ms
  2026-04-11 02:15:01 /favicon.ico ............................... ~ 503.69ms
  2026-04-11 02:15:26 /dashboard ................................... ~ 0.36ms
  2026-04-11 02:15:26 /assets/index-BerdXUjW.js .................... ~ 0.09ms
  2026-04-11 02:15:26 /assets/index-D3MehvR3.css ................... ~ 0.44ms
  2026-04-11 02:15:27 /api/v1/me ................................. ~ 502.78ms
  2026-04-11 02:15:27 /favicon.ico ................................. ~ 0.08ms
  2026-04-11 02:15:27 /api/v1/admin/stats .......................... ~ 0.07ms
  2026-04-11 02:15:28 /api/v1/admin/stats ........................ ~ 503.97ms
  2026-04-11 02:15:31 /login ....................................... ~ 0.28ms
  2026-04-11 02:15:31 /favicon.ico ............................... ~ 504.40ms
  2026-04-11 02:15:34 /login ...................................... ~ 15.10ms
  2026-04-11 02:15:34 /favicon.ico ............................... ~ 501.85ms
  2026-04-11 02:15:38 / ............................................ ~ 0.12ms
  2026-04-11 02:15:38 /assets/index-BerdXUjW.js .................... ~ 0.09ms
  2026-04-11 02:15:38 /assets/index-D3MehvR3.css ................... ~ 0.39ms
  2026-04-11 02:15:38 /favicon.ico ................................. ~ 0.22ms
  2026-04-11 02:15:46 /api/v1/login ................................ ~ 1.33ms
  2026-04-11 02:15:55 /api/v1/login ................................ ~ 0.39ms
  2026-04-11 02:17:42 /dashboard ................................. ~ 503.75ms
  2026-04-11 02:17:42 /assets/index-D3MehvR3.css ................... ~ 0.15ms
  2026-04-11 02:17:42 /assets/index-BerdXUjW.js .................... ~ 0.85ms
  2026-04-11 02:17:42 /api/v1/me ................................... ~ 0.08ms
  2026-04-11 02:17:42 /favicon.ico ................................. ~ 0.08ms
  2026-04-11 02:17:42 /api/v1/simulations .......................... ~ 0.08ms
  2026-04-11 02:17:44 /dashboard ................................... ~ 0.12ms
  2026-04-11 02:17:44 /assets/index-BerdXUjW.js .................... ~ 0.06ms
  2026-04-11 02:17:44 /assets/index-D3MehvR3.css ................... ~ 0.05ms
  2026-04-11 02:17:44 /api/v1/me ................................... ~ 0.15ms
  2026-04-11 02:17:44 /favicon.ico ................................. ~ 0.24ms
  2026-04-11 02:17:44 /api/v1/simulations .......................... ~ 0.07ms
  2026-04-11 02:17:47 / ............................................ ~ 0.11ms
  2026-04-11 02:17:47 /assets/index-BerdXUjW.js .................. ~ 503.12ms
  2026-04-11 02:17:47 /assets/index-D3MehvR3.css ................... ~ 0.12ms
  2026-04-11 02:17:47 /api/v1/me ................................... ~ 0.10ms
  2026-04-11 02:17:47 /favicon.ico ................................. ~ 0.11ms
  2026-04-11 02:17:47 /api/v1/simulations .......................... ~ 0.17ms
  2026-04-11 02:17:47 /favicon.ico ................................. ~ 0.86ms
  2026-04-11 02:17:49 /dashboard ................................... ~ 0.35ms
  2026-04-11 02:17:49 /assets/index-BerdXUjW.js .................... ~ 0.06ms
  2026-04-11 02:17:49 /assets/index-D3MehvR3.css ................... ~ 0.06ms
  2026-04-11 02:17:49 /api/v1/me ................................... ~ 0.05ms
  2026-04-11 02:17:49 /favicon.ico ................................. ~ 0.05ms
  2026-04-11 02:17:49 /api/v1/simulations .......................... ~ 0.05ms
  2026-04-11 02:17:52 /login ....................................... ~ 0.17ms
  2026-04-11 02:17:52 /favicon.ico ............................... ~ 539.64ms
  2026-04-11 02:18:53 /dashboard ................................... ~ 0.46ms
  2026-04-11 02:18:53 /assets/index-D3MehvR3.css ................... ~ 0.08ms
  2026-04-11 02:18:53 /assets/index-BerdXUjW.js .................... ~ 2.05ms
  2026-04-11 02:18:53 /api/v1/me ................................. ~ 502.81ms
  2026-04-11 02:18:53 /favicon.ico ............................... ~ 503.27ms
  2026-04-11 02:18:53 /api/v1/simulations .......................... ~ 0.05ms
  2026-04-11 02:18:54 /dashboard ................................... ~ 0.13ms
  2026-04-11 02:18:54 /assets/index-BerdXUjW.js .................... ~ 0.07ms
  2026-04-11 02:18:54 /assets/index-D3MehvR3.css ................... ~ 0.07ms
  2026-04-11 02:18:54 /api/v1/me ................................... ~ 0.05ms
  2026-04-11 02:18:54 /favicon.ico ................................. ~ 0.05ms
  2026-04-11 02:18:54 /api/v1/simulations ........................ ~ 501.72ms
  2026-04-11 02:18:57 / ............................................ ~ 0.13ms
  2026-04-11 02:18:57 /assets/index-BerdXUjW.js .................... ~ 0.06ms
  2026-04-11 02:18:57 /assets/index-D3MehvR3.css ................... ~ 0.05ms
  2026-04-11 02:18:57 /api/v1/me ................................... ~ 0.05ms
  2026-04-11 02:18:57 /favicon.ico ................................. ~ 0.06ms
  2026-04-11 02:18:57 /api/v1/simulations .......................... ~ 0.06ms
  2026-04-11 02:18:57 /favicon.ico ................................. ~ 0.57ms
  2026-04-11 02:19:05 /login ....................................... ~ 0.55ms
  2026-04-11 02:19:05 /assets/index-BerdXUjW.js .................... ~ 0.42ms
  2026-04-11 02:19:05 /assets/index-D3MehvR3.css ................... ~ 0.18ms
  2026-04-11 02:19:05 /api/v1/me ................................... ~ 0.19ms
  2026-04-11 02:19:05 /favicon.ico ............................... ~ 502.37ms
  2026-04-11 02:19:05 /api/v1/simulations .......................... ~ 0.16ms
  2026-04-11 02:19:05 /favicon.ico ................................. ~ 0.91ms
  2026-04-11 02:19:10 /login ..................................... ~ 509.93ms
  2026-04-11 02:19:10 /assets/index-D3MehvR3.css ................... ~ 0.39ms
  2026-04-11 02:19:10 /assets/index-BerdXUjW.js .................... ~ 1.47ms
  2026-04-11 02:19:10 /favicon.ico ................................. ~ 0.18ms
  2026-04-11 02:19:20 /api/v1/login .............................. ~ 515.42ms
  2026-04-11 02:19:20 /api/v1/simulations .......................... ~ 0.12ms
  2026-04-11 02:19:20 /favicon.ico ................................. ~ 0.10ms
  2026-04-11 02:19:27 /api/v1/simulations .......................... ~ 0.27ms
  2026-04-11 02:19:28 /favicon.ico ................................. ~ 0.16ms
  2026-04-11 02:19:33 /api/v1/admin/settings ....................... ~ 0.53ms
  2026-04-11 02:19:33 /favicon.ico ................................. ~ 0.17ms
  2026-04-11 02:19:47 /api/v1/payments/checkout .................. ~ 505.16ms
